<workflow-app name="test-workflow" xmlns="uri:oozie:workflow:0.4">
    <start to="done"/>
    <end name="done"/>
</workflow-app>