
<workflow-app name="credentiale" xmlns="uri:oozie:workflow:0.4">
  <credentials>
    <credential name="hcat" type="hcat">
      <property>
        <name>hcat.metastore.uri</name>
        <value>URI</value>
      </property>
      <property>
        <name>hcat.metastore.principal</name>
        <value>PRINCIPAL</value>
      </property>
    </credential>
  </credentials>
    <start to="hive"/>
    <action name="hive" cred="hcat">
        <hive xmlns="uri:oozie:hive-action:0.2">
            <job-tracker>${jobTracker}</job-tracker>
            <name-node>${nameNode}</name-node>
            <script>hive.hql</script>
        </hive>
        <ok to="end"/>
        <error to="kill"/>
    </action>
    <kill name="kill">
        <message>Action failed, error message[${wf:errorMessage(wf:lastErrorNode())}]</message>
    </kill>
    <end name="end"/>
</workflow-app>
